<?xml version="1.0" encoding="UTF-8"?>
<!-- Generated by org.testng.reporters.JUnitReportReporter -->
<testsuite hostname="DESKTOP-9UDSS93" failures="0" tests="6" name="tests.Testngtests" time="40.073" errors="0" timestamp="2025-06-03T01:29:52 IST" skipped="0">
  <testcase classname="tests.Testngtests" name="AddingEmpTest" time="4.121"/>
  <system-out/>
  <testcase classname="tests.Testngtests" name="driverandurlsetup" time="16.119"/>
  <system-out/>
  <testcase classname="tests.Testngtests" name="AddingEmpTest" time="5.868"/>
  <system-out/>
  <testcase classname="tests.Testngtests" name="AddingEmpTest" time="4.481"/>
  <system-out/>
  <testcase classname="tests.Testngtests" name="AddingEmpTest" time="4.639"/>
  <system-out/>
  <testcase classname="tests.Testngtests" name="AddingEmpTest" time="4.845"/>
  <system-out/>
</testsuite> <!-- tests.Testngtests -->
