<?xml version="1.0" encoding="UTF-8"?>
<!-- Generated by org.testng.reporters.JUnitReportReporter -->
<testsuite hostname="DESKTOP-9UDSS93" failures="0" tests="1" name="cucumber.options.TestRunner" time="46.046" errors="0" timestamp="2025-04-05T12:33:07 IST" skipped="0">
  <testcase classname="cucumber.options.TestRunner" name="runScenario" time="46.046"/>
  <system-out/>
</testsuite> <!-- cucumber.options.TestRunner -->
