<?xml version="1.0" encoding="UTF-8"?>
<!-- Generated by org.testng.reporters.JUnitReportReporter -->
<testsuite hostname="DESKTOP-9UDSS93" failures="0" tests="1" name="cucumber.options.TestRunner" time="43.701" errors="0" timestamp="2025-06-02T17:41:10 IST" skipped="0">
  <testcase classname="cucumber.options.TestRunner" name="runScenario" time="43.701"/>
  <system-out/>
</testsuite> <!-- cucumber.options.TestRunner -->
